<?xml version="1.0" encoding="UTF-8" ?>
<testsuite tests="18" failures="2" name="com.cc3002.breakout.test.HomeworkTwoFacadeTest" time="0.029" errors="0" skipped="0">
  <properties>
[...]
</properties>
  <testcase classname="com.cc3002.breakout.test.HomeworkTwoFacadeTest" name="testCurrentLevel" time="0.006"/>
  <testcase classname="com.cc3002.breakout.test.HomeworkTwoFacadeTest" name="testNewLevelWithSoftAndStoneBricks" time="0.004"/>
  <testcase classname="com.cc3002.breakout.test.HomeworkTwoFacadeTest" name="testGetCurrentLevel" time="0.001"/>
  <testcase classname="com.cc3002.breakout.test.HomeworkTwoFacadeTest" name="testGetGameConsole" time="0.001"/>
  <testcase classname="com.cc3002.breakout.test.HomeworkTwoFacadeTest" name="testGetNumberOfHearts" time="0.002">
    <failure message="expected:&lt;30&gt; but was:&lt;3&gt;" type="java.lang.AssertionError">java.lang.AssertionError: expected:&lt;30&gt; but was:&lt;3&gt;
	at org.junit.Assert.fail(Assert.java:88)
	at org.junit.Assert.failNotEquals(Assert.java:743)
	at org.junit.Assert.assertEquals(Assert.java:118)
	at org.junit.Assert.assertEquals(Assert.java:555)
	at org.junit.Assert.assertEquals(Assert.java:542)
	at com.cc3002.breakout.test.HomeworkTwoFacadeTest.testGetNumberOfHearts(HomeworkTwoFacadeTest.java:76)
	at sun.reflect.NativeMethodAccessorImpl.invoke0(Native Method)
	at sun.reflect.NativeMethodAccessorImpl.invoke(NativeMethodAccessorImpl.java:62)
	at sun.reflect.DelegatingMethodAccessorImpl.invoke(DelegatingMethodAccessorImpl.java:43)
	at java.lang.reflect.Method.invoke(Method.java:497)
	at org.junit.runners.model.FrameworkMethod$1.runReflectiveCall(FrameworkMethod.java:47)
	at org.junit.internal.runners.model.ReflectiveCallable.run(ReflectiveCallable.java:12)
	at org.junit.runners.model.FrameworkMethod.invokeExplosively(FrameworkMethod.java:44)
	at org.junit.internal.runners.statements.InvokeMethod.evaluate(InvokeMethod.java:17)
	at org.junit.internal.runners.statements.RunBefores.evaluate(RunBefores.java:26)
	at org.junit.runners.ParentRunner.runLeaf(ParentRunner.java:271)
	at org.junit.runners.BlockJUnit4ClassRunner.runChild(BlockJUnit4ClassRunner.java:70)
	at org.junit.runners.BlockJUnit4ClassRunner.runChild(BlockJUnit4ClassRunner.java:50)
	at org.junit.runners.ParentRunner$3.run(ParentRunner.java:238)
	at org.junit.runners.ParentRunner$1.schedule(ParentRunner.java:63)
	at org.junit.runners.ParentRunner.runChildren(ParentRunner.java:236)
	at org.junit.runners.ParentRunner.access$000(ParentRunner.java:53)
	at org.junit.runners.ParentRunner$2.evaluate(ParentRunner.java:229)
	at org.junit.runners.ParentRunner.run(ParentRunner.java:309)
	at org.apache.maven.surefire.junit4.JUnit4Provider.execute(JUnit4Provider.java:252)
	at org.apache.maven.surefire.junit4.JUnit4Provider.executeTestSet(JUnit4Provider.java:141)
	at org.apache.maven.surefire.junit4.JUnit4Provider.invoke(JUnit4Provider.java:112)
	at sun.reflect.NativeMethodAccessorImpl.invoke0(Native Method)
	at sun.reflect.NativeMethodAccessorImpl.invoke(NativeMethodAccessorImpl.java:62)
	at sun.reflect.DelegatingMethodAccessorImpl.invoke(DelegatingMethodAccessorImpl.java:43)
	at java.lang.reflect.Method.invoke(Method.java:497)
	at org.apache.maven.surefire.util.ReflectionUtils.invokeMethodWithArray(ReflectionUtils.java:189)
	at org.apache.maven.surefire.booter.ProviderFactory$ProviderProxy.invoke(ProviderFactory.java:165)
	at org.apache.maven.surefire.booter.ProviderFactory.invokeProvider(ProviderFactory.java:85)
	at org.apache.maven.surefire.booter.ForkedBooter.runSuitesInProcess(ForkedBooter.java:115)
	at org.apache.maven.surefire.booter.ForkedBooter.main(ForkedBooter.java:75)
</failure>
    <system-out>Playing Level Lvl two.
Playing Level Lvl three.
</system-out>
  </testcase>
  <testcase classname="com.cc3002.breakout.test.HomeworkTwoFacadeTest" name="testHomeworkOneFacade" time="0.001"/>
  <testcase classname="com.cc3002.breakout.test.HomeworkTwoFacadeTest" name="testGetLevelName" time="0.001"/>
  <testcase classname="com.cc3002.breakout.test.HomeworkTwoFacadeTest" name="testLossOfHeart" time="0.002">
    <failure message="expected same:&lt;29&gt; was not:&lt;2&gt;" type="java.lang.AssertionError">java.lang.AssertionError: expected same:&lt;29&gt; was not:&lt;2&gt;
	at org.junit.Assert.fail(Assert.java:88)
	at org.junit.Assert.failNotSame(Assert.java:737)
	at org.junit.Assert.assertSame(Assert.java:680)
	at org.junit.Assert.assertSame(Assert.java:691)
	at com.cc3002.breakout.test.HomeworkTwoFacadeTest.testLossOfHeart(HomeworkTwoFacadeTest.java:92)
	at sun.reflect.NativeMethodAccessorImpl.invoke0(Native Method)
	at sun.reflect.NativeMethodAccessorImpl.invoke(NativeMethodAccessorImpl.java:62)
	at sun.reflect.DelegatingMethodAccessorImpl.invoke(DelegatingMethodAccessorImpl.java:43)
	at java.lang.reflect.Method.invoke(Method.java:497)
	at org.junit.runners.model.FrameworkMethod$1.runReflectiveCall(FrameworkMethod.java:47)
	at org.junit.internal.runners.model.ReflectiveCallable.run(ReflectiveCallable.java:12)
	at org.junit.runners.model.FrameworkMethod.invokeExplosively(FrameworkMethod.java:44)
	at org.junit.internal.runners.statements.InvokeMethod.evaluate(InvokeMethod.java:17)
	at org.junit.internal.runners.statements.RunBefores.evaluate(RunBefores.java:26)
	at org.junit.runners.ParentRunner.runLeaf(ParentRunner.java:271)
	at org.junit.runners.BlockJUnit4ClassRunner.runChild(BlockJUnit4ClassRunner.java:70)
	at org.junit.runners.BlockJUnit4ClassRunner.runChild(BlockJUnit4ClassRunner.java:50)
	at org.junit.runners.ParentRunner$3.run(ParentRunner.java:238)
	at org.junit.runners.ParentRunner$1.schedule(ParentRunner.java:63)
	at org.junit.runners.ParentRunner.runChildren(ParentRunner.java:236)
	at org.junit.runners.ParentRunner.access$000(ParentRunner.java:53)
	at org.junit.runners.ParentRunner$2.evaluate(ParentRunner.java:229)
	at org.junit.runners.ParentRunner.run(ParentRunner.java:309)
	at org.apache.maven.surefire.junit4.JUnit4Provider.execute(JUnit4Provider.java:252)
	at org.apache.maven.surefire.junit4.JUnit4Provider.executeTestSet(JUnit4Provider.java:141)
	at org.apache.maven.surefire.junit4.JUnit4Provider.invoke(JUnit4Provider.java:112)
	at sun.reflect.NativeMethodAccessorImpl.invoke0(Native Method)
	at sun.reflect.NativeMethodAccessorImpl.invoke(NativeMethodAccessorImpl.java:62)
	at sun.reflect.DelegatingMethodAccessorImpl.invoke(DelegatingMethodAccessorImpl.java:43)
	at java.lang.reflect.Method.invoke(Method.java:497)
	at org.apache.maven.surefire.util.ReflectionUtils.invokeMethodWithArray(ReflectionUtils.java:189)
	at org.apache.maven.surefire.booter.ProviderFactory$ProviderProxy.invoke(ProviderFactory.java:165)
	at org.apache.maven.surefire.booter.ProviderFactory.invokeProvider(ProviderFactory.java:85)
	at org.apache.maven.surefire.booter.ForkedBooter.runSuitesInProcess(ForkedBooter.java:115)
	at org.apache.maven.surefire.booter.ForkedBooter.main(ForkedBooter.java:75)
</failure>
    <system-out>Playing Level Lvl two.
Playing Level Lvl three.
</system-out>
  </testcase>
  <testcase classname="com.cc3002.breakout.test.HomeworkTwoFacadeTest" name="testSetCurrentLevel" time="0.001"/>
  <testcase classname="com.cc3002.breakout.test.HomeworkTwoFacadeTest" name="testGetRequiredPoints" time="0.001"/>
  <testcase classname="com.cc3002.breakout.test.HomeworkTwoFacadeTest" name="testNewBonuses" time="0.001"/>
  <testcase classname="com.cc3002.breakout.test.HomeworkTwoFacadeTest" name="testNumberOfBricks" time="0.001"/>
  <testcase classname="com.cc3002.breakout.test.HomeworkTwoFacadeTest" name="testGetGameObservers" time="0"/>
  <testcase classname="com.cc3002.breakout.test.HomeworkTwoFacadeTest" name="testGetBricks" time="0.001"/>
  <testcase classname="com.cc3002.breakout.test.HomeworkTwoFacadeTest" name="testHasNextLevel" time="0.001"/>
  <testcase classname="com.cc3002.breakout.test.HomeworkTwoFacadeTest" name="testSpawnBricks" time="0.004"/>
  <testcase classname="com.cc3002.breakout.test.HomeworkTwoFacadeTest" name="testEarnedScore" time="0.001"/>
  <testcase classname="com.cc3002.breakout.test.HomeworkTwoFacadeTest" name="testHomeworkOneFacadeStringIntDouble" time="0"/>
</testsuite>